<?xml version="1.0" encoding="UTF-8"?>
<!-- Generated by org.testng.reporters.JUnitReportReporter -->
<testsuite hostname="Coral" failures="0" tests="3" name="mx.com.liverpool.SearchBarTests" time="47.669" errors="0" timestamp="2023-10-02T22:26:05 CST" skipped="0">
  <testcase classname="mx.com.liverpool.SearchBarTests" name="zoomIcon_returnsSearchResults" time="19.403"/>
  <testcase classname="mx.com.liverpool.SearchBarTests" name="searchBar_isVisible" time="13.478"/>
  <testcase classname="mx.com.liverpool.SearchBarTests" name="zoomIcon_returnsSearchResults" time="14.788"/>
</testsuite> <!-- mx.com.liverpool.SearchBarTests -->
