<?xml version="1.0" encoding="UTF-8"?>
<!-- Generated by org.testng.reporters.JUnitReportReporter -->
<testsuite hostname="Coral" failures="0" tests="1" name="mx.com.liverpool.homepage.LogInTests" time="18.797" errors="0" timestamp="2023-10-04T18:40:29 CST" skipped="0">
  <testcase classname="mx.com.liverpool.homepage.LogInTests" name="logIn_worksCorrectly" time="18.797"/>
</testsuite> <!-- mx.com.liverpool.homepage.LogInTests -->
