<?xml version="1.0" encoding="UTF-8"?>
<!-- Generated by org.testng.reporters.JUnitReportReporter -->
<testsuite hostname="Coral" failures="0" tests="1" name="mx.com.liverpool.homepage.FiltersTests" time="40.356" errors="0" timestamp="2023-10-05T12:52:54 CST" skipped="0">
  <testcase classname="mx.com.liverpool.homepage.FiltersTests" name="checkboxFilter_canBeSelected" time="40.356"/>
</testsuite> <!-- mx.com.liverpool.homepage.FiltersTests -->
