<?xml version="1.0" encoding="UTF-8"?>
<!-- Generated by org.testng.reporters.JUnitReportReporter -->
<testsuite hostname="Coral" failures="0" tests="3" name="mx.com.liverpool.homepage.SearchBarTests" time="117.127" errors="0" timestamp="2023-10-03T18:11:14 CST" skipped="0">
  <testcase classname="mx.com.liverpool.homepage.SearchBarTests" name="zoomIcon_returnsSearchResults" time="44.242"/>
  <testcase classname="mx.com.liverpool.homepage.SearchBarTests" name="zoomIcon_returnsSearchResults" time="38.628"/>
  <testcase classname="mx.com.liverpool.homepage.SearchBarTests" name="searchBar_isVisible" time="34.257"/>
</testsuite> <!-- mx.com.liverpool.homepage.SearchBarTests -->
