<?xml version="1.0" encoding="UTF-8"?>
<!-- Generated by org.testng.reporters.JUnitReportReporter -->
<testsuite hostname="Coral" failures="0" tests="3" name="mx.com.liverpool.homepage.LogInTests" time="21.782" errors="0" timestamp="2023-10-05T12:52:54 CST" skipped="1">
  <testcase classname="mx.com.liverpool.homepage.LogInTests" name="logInElements_areVisible" time="10.637"/>
  <testcase classname="mx.com.liverpool.homepage.LogInTests" name="logIn_worksCorrectly" time="11.145"/>
  <testcase classname="mx.com.liverpool.homepage.LogInTests" name="openChromeWithDevArgs_browserOpens">
    <skipped/>
  </testcase> <!-- openChromeWithDevArgs_browserOpens -->
</testsuite> <!-- mx.com.liverpool.homepage.LogInTests -->
