<?xml version="1.0" encoding="UTF-8"?>
<!-- Generated by org.testng.reporters.JUnitReportReporter -->
<testsuite hostname="Coral" failures="0" tests="3" name="mx.com.liverpool.homepage.SearchBarTests" time="91.431" errors="0" timestamp="2023-10-05T12:55:18 CST" skipped="0">
  <testcase classname="mx.com.liverpool.homepage.SearchBarTests" name="zoomIcon_returnsSearchResults" time="35.923"/>
  <testcase classname="mx.com.liverpool.homepage.SearchBarTests" name="searchBar_isVisible" time="24.727"/>
  <testcase classname="mx.com.liverpool.homepage.SearchBarTests" name="zoomIcon_returnsSearchResults" time="30.781"/>
</testsuite> <!-- mx.com.liverpool.homepage.SearchBarTests -->
