<?xml version="1.0" encoding="UTF-8"?>
<!-- Generated by org.testng.reporters.JUnitReportReporter -->
<testsuite hostname="Coral" failures="0" tests="1" name="mx.com.liverpool.homepage.FiltersTests" time="28.212" errors="0" timestamp="2023-10-04T16:03:10 CST" skipped="0">
  <testcase classname="mx.com.liverpool.homepage.FiltersTests" name="checkboxFilter_canBeSelected" time="28.212"/>
</testsuite> <!-- mx.com.liverpool.homepage.FiltersTests -->
